In file included from src.hpp:1,
                 from 1.cpp:1:
lru.hpp: In member function ‘bool sjtu::linked_hashmap<Key, T, Hash, Equal>::iterator::operator==(const sjtu::linked_hashmap<Key, T, Hash, Equal>::iterator&) const’:
lru.hpp:441:57: 警告：在有返回值的函数中未发现 return 语句 [-Wreturn-type]
  441 |             bool operator==(const iterator &rhs) const {}
      |                                                         ^
lru.hpp: In member function ‘bool sjtu::linked_hashmap<Key, T, Hash, Equal>::iterator::operator!=(const sjtu::linked_hashmap<Key, T, Hash, Equal>::iterator&) const’:
lru.hpp:442:57: 警告：在有返回值的函数中未发现 return 语句 [-Wreturn-type]
  442 |             bool operator!=(const iterator &rhs) const {}
      |                                                         ^
lru.hpp: In member function ‘bool sjtu::linked_hashmap<Key, T, Hash, Equal>::iterator::operator==(const sjtu::linked_hashmap<Key, T, Hash, Equal>::const_iterator&) const’:
lru.hpp:443:63: 警告：在有返回值的函数中未发现 return 语句 [-Wreturn-type]
  443 |             bool operator==(const const_iterator &rhs) const {}
      |                                                               ^
lru.hpp: In member function ‘bool sjtu::linked_hashmap<Key, T, Hash, Equal>::iterator::operator!=(const sjtu::linked_hashmap<Key, T, Hash, Equal>::const_iterator&) const’:
lru.hpp:444:63: 警告：在有返回值的函数中未发现 return 语句 [-Wreturn-type]
  444 |             bool operator!=(const const_iterator &rhs) const {}
      |                                                               ^
lru.hpp: In member function ‘bool sjtu::linked_hashmap<Key, T, Hash, Equal>::const_iterator::operator==(const sjtu::linked_hashmap<Key, T, Hash, Equal>::iterator&) const’:
lru.hpp:488:57: 警告：在有返回值的函数中未发现 return 语句 [-Wreturn-type]
  488 |             bool operator==(const iterator &rhs) const {}
      |                                                         ^
lru.hpp: In member function ‘bool sjtu::linked_hashmap<Key, T, Hash, Equal>::const_iterator::operator!=(const sjtu::linked_hashmap<Key, T, Hash, Equal>::iterator&) const’:
lru.hpp:489:57: 警告：在有返回值的函数中未发现 return 语句 [-Wreturn-type]
  489 |             bool operator!=(const iterator &rhs) const {}
      |                                                         ^
lru.hpp: In member function ‘bool sjtu::linked_hashmap<Key, T, Hash, Equal>::const_iterator::operator==(const sjtu::linked_hashmap<Key, T, Hash, Equal>::const_iterator&) const’:
lru.hpp:490:63: 警告：在有返回值的函数中未发现 return 语句 [-Wreturn-type]
  490 |             bool operator==(const const_iterator &rhs) const {}
      |                                                               ^
lru.hpp: In member function ‘bool sjtu::linked_hashmap<Key, T, Hash, Equal>::const_iterator::operator!=(const sjtu::linked_hashmap<Key, T, Hash, Equal>::const_iterator&) const’:
lru.hpp:491:63: 警告：在有返回值的函数中未发现 return 语句 [-Wreturn-type]
  491 |             bool operator!=(const const_iterator &rhs) const {}
      |                                                               ^
lru.hpp: In member function ‘bool sjtu::linked_hashmap<Key, T, Hash, Equal>::empty() const’:
lru.hpp:536:9: 警告：在有返回值的函数中未发现 return 语句 [-Wreturn-type]
  536 |         }
      |         ^
lru.hpp: In member function ‘size_t sjtu::linked_hashmap<Key, T, Hash, Equal>::size() const’:
lru.hpp:542:9: 警告：在有返回值的函数中未发现 return 语句 [-Wreturn-type]
  542 |         }
      |         ^
lru.hpp: In member function ‘size_t sjtu::linked_hashmap<Key, T, Hash, Equal>::count(const Key&) const’:
lru.hpp:567:9: 警告：在有返回值的函数中未发现 return 语句 [-Wreturn-type]
  567 |         }
      |         ^
lru.hpp: In member function ‘Matrix<int>* sjtu::lru::get(const Integer&) const’:
lru.hpp:597:9: 警告：在有返回值的函数中未发现 return 语句 [-Wreturn-type]
  597 |         }
      |         ^
lru.hpp: In instantiation of ‘T* sjtu::double_list<T>::iterator::operator->() const [with T = sjtu::pair<const int, int>]’:
lru.hpp:364:21:   required from ‘sjtu::pair<sjtu::hashmap<Key, T, Hash, Equal>::iterator, bool> sjtu::hashmap<Key, T, Hash, Equal>::insert(const value_type&) [with Key = int; T = int; Hash = std::hash<int>; Equal = std::equal_to<int>; value_type = sjtu::pair<const int, int>]’
1.cpp:44:19:   required from here
lru.hpp:139:21: 警告：‘throw’ will always call ‘terminate’ [-Wterminate]
  139 |                     throw sjtu::invalid_iterator();
      |                     ^~~~~~~~~~~~~~~~~~~~~~~~~~~~~~
